<?xml version="1.0" encoding="UTF-8"?>
<!-- Generated by org.testng.reporters.JUnitReportReporter -->
<testsuite skipped="0" hostname="DESKTOP-6NI868R" name="com.qa.api.gorest.tests.GetUserTest" tests="2" failures="0" timestamp="15 Jan 2020 12:14:39 GMT" time="0.693" errors="0">
  <testcase name="getAllUserListAPITest" time="0.354" classname="com.qa.api.gorest.tests.GetUserTest"/>
  <testcase name="getUser_withQueryParamsTest" time="0.339" classname="com.qa.api.gorest.tests.GetUserTest"/>
</testsuite> <!-- com.qa.api.gorest.tests.GetUserTest -->
