<?xml version="1.0" encoding="UTF-8"?>
<!-- Generated by org.testng.reporters.JUnitReportReporter -->
<testsuite skipped="0" hostname="DESKTOP-6NI868R" name="com.qa.api.gorest.tests.DeleteUserTest" tests="3" failures="0" timestamp="22 Feb 2020 20:43:51 GMT" time="3.575" errors="0">
  <testcase name="createUserAPITest" time="1.436" classname="com.qa.api.gorest.tests.DeleteUserTest"/>
  <testcase name="updateUserAPITest" time="1.021" classname="com.qa.api.gorest.tests.DeleteUserTest"/>
  <testcase name="VeriyUserAPITest" time="1.118" classname="com.qa.api.gorest.tests.DeleteUserTest"/>
</testsuite> <!-- com.qa.api.gorest.tests.DeleteUserTest -->
