<?xml version="1.0" encoding="UTF-8"?>
<!-- Generated by org.testng.reporters.JUnitReportReporter -->
<testsuite skipped="0" hostname="DESKTOP-6NI868R" name="com.qa.api.gorest.tests.UpdateUserTest" tests="1" failures="0" timestamp="06 Dec 2019 07:22:14 GMT" time="4.378" errors="0">
  <testcase name="updateUserAPITest" time="4.378" classname="com.qa.api.gorest.tests.UpdateUserTest"/>
</testsuite> <!-- com.qa.api.gorest.tests.UpdateUserTest -->
