<?xml version="1.0" encoding="UTF-8"?>
<!-- Generated by org.testng.reporters.JUnitReportReporter -->
<testsuite skipped="0" hostname="DESKTOP-6NI868R" name="com.qa.api.gorest.tests.GetUserTest" tests="2" failures="0" timestamp="22 Feb 2020 20:43:51 GMT" time="2.066" errors="0">
  <testcase name="getAllUserListAPITest" time="1.019" classname="com.qa.api.gorest.tests.GetUserTest"/>
  <testcase name="getUser_withQueryParamsTest" time="1.047" classname="com.qa.api.gorest.tests.GetUserTest"/>
</testsuite> <!-- com.qa.api.gorest.tests.GetUserTest -->
