<?xml version="1.0" encoding="UTF-8"?>
<!-- Generated by org.testng.reporters.JUnitReportReporter -->
<testsuite skipped="0" hostname="DESKTOP-6NI868R" name="com.qa.api.gorest.tests.GetUserTest" tests="2" failures="0" timestamp="28 Nov 2019 13:52:04 GMT" time="4.229" errors="0">
  <testcase name="getAllUserListAPITest" time="3.826" classname="com.qa.api.gorest.tests.GetUserTest"/>
  <testcase name="getUser_withQueryParamsTest" time="0.403" classname="com.qa.api.gorest.tests.GetUserTest"/>
</testsuite> <!-- com.qa.api.gorest.tests.GetUserTest -->
