<?xml version="1.0" encoding="UTF-8"?>
<!-- Generated by org.testng.reporters.JUnitReportReporter -->
<testsuite skipped="0" hostname="DESKTOP-6NI868R" name="com.qa.api.imgur.tests.PostImgurAPITest" tests="2" failures="0" timestamp="15 Jan 2020 12:14:39 GMT" time="3.887" errors="0">
  <testcase name="UpdateImageInfoPostAPITest" time="1.735" classname="com.qa.api.imgur.tests.PostImgurAPITest"/>
  <testcase name="uploadImagePostAPITest" time="2.152" classname="com.qa.api.imgur.tests.PostImgurAPITest"/>
</testsuite> <!-- com.qa.api.imgur.tests.PostImgurAPITest -->
