<?xml version="1.0" encoding="UTF-8"?>
<!-- Generated by org.testng.reporters.JUnitReportReporter -->
<testsuite skipped="0" hostname="DESKTOP-6NI868R" name="com.qa.api.imgur.tests.GetImgurAPITest" tests="5" failures="0" timestamp="22 Feb 2020 20:43:51 GMT" time="5.103" errors="0">
  <testcase name="AccountSettingsTest" time="1.424" classname="com.qa.api.imgur.tests.GetImgurAPITest"/>
  <testcase name="getAccountImageTest" time="1.101" classname="com.qa.api.imgur.tests.GetImgurAPITest"/>
  <testcase name="accountBlockstatusTest" time="1.069" classname="com.qa.api.imgur.tests.GetImgurAPITest"/>
  <testcase name="AccountImageTest" time="0.621" classname="com.qa.api.imgur.tests.GetImgurAPITest"/>
  <testcase name="AccountBaseTest" time="0.888" classname="com.qa.api.imgur.tests.GetImgurAPITest"/>
</testsuite> <!-- com.qa.api.imgur.tests.GetImgurAPITest -->
