<?xml version="1.0" encoding="UTF-8"?>
<!-- Generated by org.testng.reporters.JUnitReportReporter -->
<testsuite skipped="0" hostname="DESKTOP-6NI868R" name="com.qa.api.gorest.util.Token" tests="1" failures="0" timestamp="30 Nov 2019 08:14:56 GMT" time="5.751" errors="0">
  <testcase name="generateToken" time="5.751" classname="com.qa.api.gorest.util.Token"/>
</testsuite> <!-- com.qa.api.gorest.util.Token -->
