<?xml version="1.0" encoding="UTF-8"?>
<!-- Generated by org.testng.reporters.JUnitReportReporter -->
<testsuite skipped="0" hostname="DESKTOP-6NI868R" name="com.qa.api.imgur.tests.PostImgurAPITest" tests="1" failures="0" timestamp="02 Dec 2019 15:55:05 GMT" time="6.566" errors="0">
  <testcase name="UpdateImageInfoPostAPITest" time="6.566" classname="com.qa.api.imgur.tests.PostImgurAPITest"/>
</testsuite> <!-- com.qa.api.imgur.tests.PostImgurAPITest -->
