<?xml version="1.0" encoding="UTF-8"?>
<!-- Generated by org.testng.reporters.JUnitReportReporter -->
<testsuite skipped="0" hostname="DESKTOP-6NI868R" name="com.qa.api.gorest.tests.DeleteUserTest" tests="3" failures="0" timestamp="22 Feb 2020 20:19:18 GMT" time="9.980" errors="0">
  <testcase name="createUserAPITest" time="6.118" classname="com.qa.api.gorest.tests.DeleteUserTest"/>
  <testcase name="updateUserAPITest" time="1.377" classname="com.qa.api.gorest.tests.DeleteUserTest"/>
  <testcase name="VeriyUserAPITest" time="2.485" classname="com.qa.api.gorest.tests.DeleteUserTest"/>
</testsuite> <!-- com.qa.api.gorest.tests.DeleteUserTest -->
