<?xml version="1.0" encoding="UTF-8"?>
<!-- Generated by org.testng.reporters.JUnitReportReporter -->
<testsuite skipped="0" hostname="DESKTOP-6NI868R" name="com.qa.api.imgur.tests.GetImgurAPITest" tests="5" failures="0" timestamp="15 Jan 2020 12:14:39 GMT" time="20.570" errors="0">
  <testcase name="AccountImageTest" time="8.496" classname="com.qa.api.imgur.tests.GetImgurAPITest"/>
  <testcase name="getAccountImageTest" time="3.151" classname="com.qa.api.imgur.tests.GetImgurAPITest"/>
  <testcase name="accountBlockstatusTest" time="2.876" classname="com.qa.api.imgur.tests.GetImgurAPITest"/>
  <testcase name="AccountBaseTest" time="2.942" classname="com.qa.api.imgur.tests.GetImgurAPITest"/>
  <testcase name="AccountSettingsTest" time="3.105" classname="com.qa.api.imgur.tests.GetImgurAPITest"/>
</testsuite> <!-- com.qa.api.imgur.tests.GetImgurAPITest -->
