<?xml version="1.0" encoding="UTF-8"?>
<!-- Generated by org.testng.reporters.JUnitReportReporter -->
<testsuite skipped="0" hostname="DESKTOP-6NI868R" name="com.qa.api.imgur.tests.GetImgurAPITest" tests="5" failures="0" timestamp="22 Feb 2020 20:31:16 GMT" time="8.585" errors="0">
  <testcase name="AccountImageTest" time="1.354" classname="com.qa.api.imgur.tests.GetImgurAPITest"/>
  <testcase name="AccountBaseTest" time="1.084" classname="com.qa.api.imgur.tests.GetImgurAPITest"/>
  <testcase name="getAccountImageTest" time="1.069" classname="com.qa.api.imgur.tests.GetImgurAPITest"/>
  <testcase name="AccountSettingsTest" time="0.947" classname="com.qa.api.imgur.tests.GetImgurAPITest"/>
  <testcase name="accountBlockstatusTest" time="4.131" classname="com.qa.api.imgur.tests.GetImgurAPITest"/>
</testsuite> <!-- com.qa.api.imgur.tests.GetImgurAPITest -->
