<?xml version="1.0" encoding="UTF-8"?>
<!-- Generated by org.testng.reporters.JUnitReportReporter -->
<testsuite skipped="0" hostname="DESKTOP-6NI868R" name="com.qa.api.imgur.tests.PostImgurAPITest" tests="2" failures="0" timestamp="06 Dec 2019 07:22:14 GMT" time="3.699" errors="0">
  <testcase name="UpdateImageInfoPostAPITest" time="1.662" classname="com.qa.api.imgur.tests.PostImgurAPITest"/>
  <testcase name="uploadImagePostAPITest" time="2.037" classname="com.qa.api.imgur.tests.PostImgurAPITest"/>
</testsuite> <!-- com.qa.api.imgur.tests.PostImgurAPITest -->
