<?xml version="1.0" encoding="UTF-8"?>
<!-- Generated by org.testng.reporters.JUnitReportReporter -->
<testsuite skipped="0" hostname="DESKTOP-6NI868R" name="com.qa.api.gorest.tests.DeleteUserTest" tests="3" failures="0" timestamp="04 Dec 2019 04:36:20 GMT" time="5.608" errors="0">
  <testcase name="createUserAPITest" time="4.742" classname="com.qa.api.gorest.tests.DeleteUserTest"/>
  <testcase name="updateUserAPITest" time="0.418" classname="com.qa.api.gorest.tests.DeleteUserTest"/>
  <testcase name="VeriyUserAPITest" time="0.448" classname="com.qa.api.gorest.tests.DeleteUserTest"/>
</testsuite> <!-- com.qa.api.gorest.tests.DeleteUserTest -->
