<?xml version="1.0" encoding="UTF-8"?>
<!-- Generated by org.testng.reporters.JUnitReportReporter -->
<testsuite skipped="0" hostname="DESKTOP-6NI868R" name="com.qa.api.gorest.tests.GetPostCallWithComplexJason" tests="1" failures="0" timestamp="15 Jan 2020 13:07:59 GMT" time="3.584" errors="0">
  <testcase name="CreateUser_WithComplexPojo" time="3.584" classname="com.qa.api.gorest.tests.GetPostCallWithComplexJason"/>
</testsuite> <!-- com.qa.api.gorest.tests.GetPostCallWithComplexJason -->
