<?xml version="1.0" encoding="UTF-8"?>
<!-- Generated by org.testng.reporters.JUnitReportReporter -->
<testsuite skipped="0" hostname="DESKTOP-6NI868R" name="com.qa.api.gorest.tests.CreateUserTest" tests="4" failures="0" timestamp="16 Jan 2020 16:25:35 GMT" time="4.985" errors="0">
  <testcase name="createUserAPITest" time="3.828" classname="com.qa.api.gorest.tests.CreateUserTest"/>
  <testcase name="createUserAPITest" time="0.376" classname="com.qa.api.gorest.tests.CreateUserTest"/>
  <testcase name="createUserAPITest" time="0.406" classname="com.qa.api.gorest.tests.CreateUserTest"/>
  <testcase name="createUserAPITest" time="0.375" classname="com.qa.api.gorest.tests.CreateUserTest"/>
</testsuite> <!-- com.qa.api.gorest.tests.CreateUserTest -->
