<?xml version="1.0" encoding="UTF-8"?>
<!-- Generated by org.testng.reporters.JUnitReportReporter -->
<testsuite skipped="0" hostname="DESKTOP-6NI868R" name="com.qa.api.imgur.tests.GetImgurAPITest" tests="5" failures="0" timestamp="06 Dec 2019 07:22:14 GMT" time="19.249" errors="0">
  <testcase name="AccountSettingsTest" time="3.164" classname="com.qa.api.imgur.tests.GetImgurAPITest"/>
  <testcase name="getAccountImageTest" time="7.347" classname="com.qa.api.imgur.tests.GetImgurAPITest"/>
  <testcase name="accountBlockstatusTest" time="2.884" classname="com.qa.api.imgur.tests.GetImgurAPITest"/>
  <testcase name="AccountImageTest" time="2.894" classname="com.qa.api.imgur.tests.GetImgurAPITest"/>
  <testcase name="AccountBaseTest" time="2.960" classname="com.qa.api.imgur.tests.GetImgurAPITest"/>
</testsuite> <!-- com.qa.api.imgur.tests.GetImgurAPITest -->
