<?xml version="1.0" encoding="UTF-8"?>
<!-- Generated by org.testng.reporters.JUnitReportReporter -->
<testsuite skipped="0" hostname="DESKTOP-6NI868R" name="com.qa.api.gorest.tests.CreateUserTest" tests="4" failures="0" timestamp="17 Mar 2020 11:17:49 GMT" time="9.089" errors="0">
  <testcase name="createUserAPITest" time="1.428" classname="com.qa.api.gorest.tests.CreateUserTest"/>
  <testcase name="createUserAPITest" time="1.030" classname="com.qa.api.gorest.tests.CreateUserTest"/>
  <testcase name="createUserAPITest" time="1.537" classname="com.qa.api.gorest.tests.CreateUserTest"/>
  <testcase name="createUserAPITest" time="5.094" classname="com.qa.api.gorest.tests.CreateUserTest"/>
</testsuite> <!-- com.qa.api.gorest.tests.CreateUserTest -->
