<?xml version="1.0" encoding="UTF-8"?>
<!-- Generated by org.testng.reporters.JUnitReportReporter -->
<testsuite skipped="0" hostname="DESKTOP-6NI868R" name="com.qa.api.gorest.tests.UpdateUserTest" tests="1" failures="0" timestamp="22 Feb 2020 20:43:51 GMT" time="1.054" errors="0">
  <testcase name="updateUserAPITest" time="1.054" classname="com.qa.api.gorest.tests.UpdateUserTest"/>
</testsuite> <!-- com.qa.api.gorest.tests.UpdateUserTest -->
