<?xml version="1.0" encoding="UTF-8"?>
<!-- Generated by org.testng.reporters.JUnitReportReporter -->
<testsuite skipped="0" hostname="DESKTOP-6NI868R" name="com.qa.api.imgur.tests.GetImgurAPITest" tests="1" failures="0" timestamp="02 Dec 2019 12:09:35 GMT" time="6.122" errors="0">
  <testcase name="getAccountImageTest" time="6.122" classname="com.qa.api.imgur.tests.GetImgurAPITest"/>
</testsuite> <!-- com.qa.api.imgur.tests.GetImgurAPITest -->
