<?xml version="1.0" encoding="UTF-8"?>
<!-- Generated by org.testng.reporters.JUnitReportReporter -->
<testsuite skipped="0" hostname="DESKTOP-6NI868R" name="com.qa.api.imgur.tests.PostImgurAPITest" tests="2" failures="0" timestamp="22 Feb 2020 20:43:51 GMT" time="1.710" errors="0">
  <testcase name="UpdateImageInfoPostAPITest" time="0.574" classname="com.qa.api.imgur.tests.PostImgurAPITest"/>
  <testcase name="uploadImagePostAPITest" time="1.136" classname="com.qa.api.imgur.tests.PostImgurAPITest"/>
</testsuite> <!-- com.qa.api.imgur.tests.PostImgurAPITest -->
