<?xml version="1.0" encoding="UTF-8"?>
<!-- Generated by org.testng.reporters.JUnitReportReporter -->
<testsuite skipped="0" hostname="DESKTOP-6NI868R" name="com.qa.api.gorest.tests.GetUserTest" tests="2" failures="0" timestamp="01 Dec 2019 12:05:30 GMT" time="4.716" errors="0">
  <testcase name="getAllUserListAPITest" time="4.152" classname="com.qa.api.gorest.tests.GetUserTest"/>
  <testcase name="getUser_withQueryParamsTest" time="0.564" classname="com.qa.api.gorest.tests.GetUserTest"/>
</testsuite> <!-- com.qa.api.gorest.tests.GetUserTest -->
