<?xml version="1.0" encoding="UTF-8"?>
<!-- Generated by org.testng.reporters.JUnitReportReporter -->
<testsuite skipped="0" hostname="DESKTOP-6NI868R" name="com.qa.api.gorest.tests.CreateUserTest" tests="4" failures="0" timestamp="22 Feb 2020 20:14:47 GMT" time="10.076" errors="0">
  <testcase name="createUserAPITest" time="6.755" classname="com.qa.api.gorest.tests.CreateUserTest"/>
  <testcase name="createUserAPITest" time="1.092" classname="com.qa.api.gorest.tests.CreateUserTest"/>
  <testcase name="createUserAPITest" time="1.117" classname="com.qa.api.gorest.tests.CreateUserTest"/>
  <testcase name="createUserAPITest" time="1.112" classname="com.qa.api.gorest.tests.CreateUserTest"/>
</testsuite> <!-- com.qa.api.gorest.tests.CreateUserTest -->
