<?xml version="1.0" encoding="UTF-8"?>
<!-- Generated by org.testng.reporters.JUnitReportReporter -->
<testsuite skipped="0" hostname="DESKTOP-6NI868R" name="com.qa.api.gorest.tests.UpdateUserTest" tests="1" failures="0" timestamp="03 Dec 2019 06:18:02 GMT" time="4.103" errors="0">
  <testcase name="updateUserAPITest" time="4.103" classname="com.qa.api.gorest.tests.UpdateUserTest"/>
</testsuite> <!-- com.qa.api.gorest.tests.UpdateUserTest -->
